<?xml version="1.0" encoding="UTF-8"?>
<!-- Generated by org.testng.reporters.JUnitXMLReporter -->
<testsuite ignored="0" hostname="Aneetha" failures="0" tests="3" name="Test" time="27.294" errors="0" timestamp="30 Apr 2023 04:41:51 GMT">
  <testcase classname="com.testcases.LoginTestCase" name="test1" time="9.456"/>
  <testcase classname="com.testcases.LoginTestCase" name="test2" time="4.791"/>
  <testcase classname="com.testcases.LoginTestCase" name="test4" time="6.13"/>
</testsuite> <!-- Test -->
