<?xml version="1.0" encoding="UTF-8"?>
<testng-results ignored="0" total="2" passed="2" failed="0" skipped="0">
  <reporter-output>
  </reporter-output>
  <suite started-at="2023-04-22T05:15:14Z" name="Default suite" finished-at="2023-04-22T05:15:31Z" duration-ms="17166">
    <groups>
    </groups>
    <test started-at="2023-04-22T05:15:14Z" name="Default test" finished-at="2023-04-22T05:15:31Z" duration-ms="17166">
      <class name="com.testcases.LoginTestCase">
        <test-method is-config="true" signature="SetUp()[pri:0, instance:com.testcases.LoginTestCase@3148f668]" started-at="2023-04-22T05:15:14Z" name="SetUp" finished-at="2023-04-22T05:15:16Z" duration-ms="2062" status="PASS">
          <reporter-output>
          </reporter-output>
        </test-method> <!-- SetUp -->
        <test-method signature="test1()[pri:0, instance:com.testcases.LoginTestCase@3148f668]" started-at="2023-04-22T05:15:16Z" name="test1" finished-at="2023-04-22T05:15:23Z" duration-ms="6595" status="PASS">
          <reporter-output>
          </reporter-output>
        </test-method> <!-- test1 -->
        <test-method is-config="true" signature="TearDown()[pri:0, instance:com.testcases.LoginTestCase@3148f668]" started-at="2023-04-22T05:15:23Z" name="TearDown" finished-at="2023-04-22T05:15:23Z" duration-ms="167" status="PASS">
          <reporter-output>
          </reporter-output>
        </test-method> <!-- TearDown -->
        <test-method is-config="true" signature="SetUp()[pri:0, instance:com.testcases.LoginTestCase@3148f668]" started-at="2023-04-22T05:15:23Z" name="SetUp" finished-at="2023-04-22T05:15:25Z" duration-ms="1809" status="PASS">
          <reporter-output>
          </reporter-output>
        </test-method> <!-- SetUp -->
        <test-method signature="test2()[pri:0, instance:com.testcases.LoginTestCase@3148f668]" started-at="2023-04-22T05:15:25Z" name="test2" finished-at="2023-04-22T05:15:31Z" duration-ms="6390" status="PASS">
          <reporter-output>
          </reporter-output>
        </test-method> <!-- test2 -->
        <test-method is-config="true" signature="TearDown()[pri:0, instance:com.testcases.LoginTestCase@3148f668]" started-at="2023-04-22T05:15:31Z" name="TearDown" finished-at="2023-04-22T05:15:31Z" duration-ms="129" status="PASS">
          <reporter-output>
          </reporter-output>
        </test-method> <!-- TearDown -->
      </class> <!-- com.testcases.LoginTestCase -->
    </test> <!-- Default test -->
  </suite> <!-- Default suite -->
</testng-results>
